Analyzing build trace from 'ClangBuildAnalyzer.ini'...
**** Time summary:
Compilation (203 times):
  Parsing (frontend):          214.5 s
  Codegen & opts (backend):     59.1 s

**** Files that took longest to parse (compiler frontend):
  2572 ms: .//CMakeFiles/custom_classes.dir/custom_class_17.cpp.o
  2562 ms: .//CMakeFiles/custom_classes.dir/custom_class_80.cpp.o
  2512 ms: .//CMakeFiles/custom_classes.dir/custom_class_38.cpp.o
  2500 ms: .//CMakeFiles/custom_classes.dir/custom_class_34.cpp.o
  2467 ms: .//CMakeFiles/custom_classes.dir/custom_class_59.cpp.o
  2460 ms: .//CMakeFiles/custom_classes.dir/custom_class_19.cpp.o
  2458 ms: .//CMakeFiles/custom_classes.dir/custom_class_11.cpp.o
  2451 ms: .//CMakeFiles/custom_classes.dir/custom_class_92.cpp.o
  2428 ms: .//CMakeFiles/custom_classes.dir/custom_class_35.cpp.o
  2424 ms: .//CMakeFiles/custom_classes.dir/custom_class_70.cpp.o

**** Files that took longest to codegen (compiler backend):
  1004 ms: .//CMakeFiles/custom_classes.dir/custom_class_79.cpp.o
   977 ms: .//CMakeFiles/custom_classes.dir/custom_class_58.cpp.o
   974 ms: .//CMakeFiles/custom_classes.dir/custom_class_60.cpp.o
   973 ms: .//CMakeFiles/custom_classes.dir/custom_class_63.cpp.o
   954 ms: .//CMakeFiles/custom_classes.dir/custom_class_8.cpp.o
   953 ms: .//CMakeFiles/custom_classes.dir/custom_class_56.cpp.o
   950 ms: .//CMakeFiles/custom_classes.dir/custom_class_6.cpp.o
   944 ms: .//CMakeFiles/custom_classes.dir/custom_class_7.cpp.o
   944 ms: .//CMakeFiles/custom_classes.dir/custom_class_84.cpp.o
   935 ms: .//CMakeFiles/custom_classes.dir/custom_class_76.cpp.o

**** Templates that took longest to instantiate:
  8295 ms: std::sort<__gnu_cxx::__normal_iterator<int *, std::vector<int>>> (101 times, avg 82 ms)
  8197 ms: std::__sort<__gnu_cxx::__normal_iterator<int *, std::vector<int>>, _... (101 times, avg 81 ms)
  7271 ms: std::unique_ptr<std::thread::_State> (101 times, avg 71 ms)
  5830 ms: std::__uniq_ptr_data<std::thread::_State, std::default_delete<std::t... (101 times, avg 57 ms)
  5803 ms: std::__uniq_ptr_impl<std::thread::_State, std::default_delete<std::t... (101 times, avg 57 ms)
  5281 ms: std::__introsort_loop<__gnu_cxx::__normal_iterator<int *, std::vecto... (101 times, avg 52 ms)
  4287 ms: std::__and_<std::is_convertible<const char &, std::basic_string_view... (101 times, avg 42 ms)
  4230 ms: std::is_convertible<const char &, std::basic_string_view<char>> (101 times, avg 41 ms)
  3547 ms: std::__partial_sort<__gnu_cxx::__normal_iterator<int *, std::vector<... (101 times, avg 35 ms)
  3450 ms: std::tuple<std::thread::_State *, std::default_delete<std::thread::_... (101 times, avg 34 ms)
  3368 ms: std::__heap_select<__gnu_cxx::__normal_iterator<int *, std::vector<i... (101 times, avg 33 ms)
  3295 ms: std::basic_stringstream<char>::basic_stringstream (101 times, avg 32 ms)
  2888 ms: std::basic_stringbuf<char>::basic_stringbuf (101 times, avg 28 ms)
  2600 ms: std::__final_insertion_sort<__gnu_cxx::__normal_iterator<int *, std:... (101 times, avg 25 ms)
  2516 ms: std::basic_string<char>::basic_string (102 times, avg 24 ms)
  2150 ms: std::__insertion_sort<__gnu_cxx::__normal_iterator<int *, std::vecto... (101 times, avg 21 ms)
  2098 ms: std::this_thread::sleep_for<long, std::ratio<1, 1000>> (101 times, avg 20 ms)
  1963 ms: std::basic_stringstream<char>::str (101 times, avg 19 ms)
  1958 ms: std::basic_stringbuf<char>::str (101 times, avg 19 ms)
  1811 ms: std::vector<int> (101 times, avg 17 ms)
  1786 ms: std::__make_heap<__gnu_cxx::__normal_iterator<int *, std::vector<int... (101 times, avg 17 ms)
  1656 ms: std::chrono::operator+<long, std::ratio<31556952, 1>, long, std::rat... (101 times, avg 16 ms)
  1611 ms: std::chrono::operator+<long, std::ratio<3600, 1>, long, std::ratio<6... (101 times, avg 15 ms)
  1611 ms: std::move_backward<__gnu_cxx::__normal_iterator<int *, std::vector<i... (101 times, avg 15 ms)
  1516 ms: std::chrono::operator<=><long, std::ratio<1, 1000000000>, long, std:... (101 times, avg 15 ms)
  1511 ms: std::__unguarded_partition_pivot<__gnu_cxx::__normal_iterator<int *,... (101 times, avg 14 ms)
  1489 ms: std::chrono::operator<=><long, std::ratio<1, 1000000000>, long, std:... (101 times, avg 14 ms)
  1424 ms: std::common_reference<const std::chrono::duration<long, std::ratio<1... (101 times, avg 14 ms)
  1350 ms: std::__copy_move_backward_a<true, __gnu_cxx::__normal_iterator<int *... (101 times, avg 13 ms)
  1337 ms: std::__is_convertible_helper<const char &, std::basic_string_view<ch... (101 times, avg 13 ms)

**** Template sets that took longest to instantiate:
 12265 ms: std::__and_<$> (1601 times, avg 7 ms)
  8295 ms: std::sort<$> (101 times, avg 82 ms)
  8197 ms: std::__sort<$> (101 times, avg 81 ms)
  7271 ms: std::unique_ptr<$> (101 times, avg 71 ms)
  7184 ms: std::is_convertible<$> (457 times, avg 15 ms)
  5830 ms: std::__uniq_ptr_data<$> (101 times, avg 57 ms)
  5803 ms: std::__uniq_ptr_impl<$> (101 times, avg 57 ms)
  5281 ms: std::__introsort_loop<$> (101 times, avg 52 ms)
  4990 ms: std::__or_<$> (447 times, avg 11 ms)
  4765 ms: std::chrono::duration_cast<$> (997 times, avg 4 ms)
  4550 ms: std::chrono::duration<$> (1397 times, avg 3 ms)
  3547 ms: std::__partial_sort<$> (101 times, avg 35 ms)
  3450 ms: std::tuple<$> (101 times, avg 34 ms)
  3436 ms: std::chrono::duration<$>::duration<$> (628 times, avg 5 ms)
  3368 ms: std::__heap_select<$> (101 times, avg 33 ms)
  3295 ms: std::basic_stringstream<$>::basic_stringstream (101 times, avg 32 ms)
  2888 ms: std::basic_stringbuf<$>::basic_stringbuf (101 times, avg 28 ms)
  2853 ms: std::__ratio_divide<$> (695 times, avg 4 ms)
  2600 ms: std::__final_insertion_sort<$> (101 times, avg 25 ms)
  2600 ms: std::is_move_constructible<$> (571 times, avg 4 ms)
  2589 ms: std::__check_overflow<$> (529 times, avg 4 ms)
  2520 ms: std::basic_string<$>::basic_string (105 times, avg 24 ms)
  2497 ms: std::__is_convertible_helper<$> (167 times, avg 14 ms)
  2490 ms: std::this_thread::sleep_for<$> (202 times, avg 12 ms)
  2451 ms: std::__ratio_multiply<$> (621 times, avg 3 ms)
  2428 ms: std::__atomic_base<$> (251 times, avg 9 ms)
  2150 ms: std::__insertion_sort<$> (101 times, avg 21 ms)
  1963 ms: std::basic_stringstream<$>::str (101 times, avg 19 ms)
  1958 ms: std::basic_stringbuf<$>::str (101 times, avg 19 ms)
  1887 ms: std::chrono::time_point<$> (313 times, avg 6 ms)

**** Functions that took longest to compile:
   131 ms: void std::__introsort_loop<__gnu_cxx::__normal_iterator<int*, std::v... (/home/shay/workdir/feature-exploring/cpp/unity_build/srcs/custom_class_71.cpp)
   109 ms: void std::__introsort_loop<__gnu_cxx::__normal_iterator<int*, std::v... (/home/shay/workdir/feature-exploring/cpp/unity_build/srcs/custom_class_58.cpp)
   108 ms: void std::__introsort_loop<__gnu_cxx::__normal_iterator<int*, std::v... (/home/shay/workdir/feature-exploring/cpp/unity_build/srcs/custom_class_30.cpp)
   103 ms: CustomClass60::to_string[abi:cxx11]() (/home/shay/workdir/feature-exploring/cpp/unity_build/srcs/custom_class_60.cpp)
    93 ms: std::__cxx11::basic_string<char, std::char_traits<char>, std::alloca... (/home/shay/workdir/feature-exploring/cpp/unity_build/srcs/custom_class_7.cpp)
    91 ms: void std::__introsort_loop<__gnu_cxx::__normal_iterator<int*, std::v... (/home/shay/workdir/feature-exploring/cpp/unity_build/srcs/custom_class_79.cpp)
    86 ms: std::__cxx11::basic_string<char, std::char_traits<char>, std::alloca... (/home/shay/workdir/feature-exploring/cpp/unity_build/srcs/custom_class_64.cpp)
    86 ms: void std::__introsort_loop<__gnu_cxx::__normal_iterator<int*, std::v... (/home/shay/workdir/feature-exploring/cpp/unity_build/srcs/custom_class_82.cpp)
    86 ms: std::__cxx11::basic_string<char, std::char_traits<char>, std::alloca... (/home/shay/workdir/feature-exploring/cpp/unity_build/srcs/custom_class_22.cpp)
    82 ms: std::__cxx11::basic_string<char, std::char_traits<char>, std::alloca... (/home/shay/workdir/feature-exploring/cpp/unity_build/srcs/custom_class_1.cpp)
    80 ms: void std::__introsort_loop<__gnu_cxx::__normal_iterator<int*, std::v... (/home/shay/workdir/feature-exploring/cpp/unity_build/srcs/custom_class_35.cpp)
    79 ms: void std::__introsort_loop<__gnu_cxx::__normal_iterator<int*, std::v... (/home/shay/workdir/feature-exploring/cpp/unity_build/srcs/custom_class_60.cpp)
    77 ms: void std::__introsort_loop<__gnu_cxx::__normal_iterator<int*, std::v... (/home/shay/workdir/feature-exploring/cpp/unity_build/srcs/custom_class_84.cpp)
    77 ms: void std::__introsort_loop<__gnu_cxx::__normal_iterator<int*, std::v... (/home/shay/workdir/feature-exploring/cpp/unity_build/srcs/custom_class_1.cpp)
    76 ms: std::__cxx11::basic_string<char, std::char_traits<char>, std::alloca... (/home/shay/workdir/feature-exploring/cpp/unity_build/srcs/custom_class_71.cpp)
    75 ms: std::__cxx11::basic_string<char, std::char_traits<char>, std::alloca... (/home/shay/workdir/feature-exploring/cpp/unity_build/srcs/custom_class_50.cpp)
    72 ms: std::__cxx11::basic_string<char, std::char_traits<char>, std::alloca... (/home/shay/workdir/feature-exploring/cpp/unity_build/srcs/custom_class_58.cpp)
    69 ms: void std::__introsort_loop<__gnu_cxx::__normal_iterator<int*, std::v... (/home/shay/workdir/feature-exploring/cpp/unity_build/srcs/custom_class_73.cpp)
    68 ms: void std::__introsort_loop<__gnu_cxx::__normal_iterator<int*, std::v... (/home/shay/workdir/feature-exploring/cpp/unity_build/srcs/custom_class_50.cpp)
    68 ms: void std::__introsort_loop<__gnu_cxx::__normal_iterator<int*, std::v... (/home/shay/workdir/feature-exploring/cpp/unity_build/srcs/custom_class_51.cpp)
    68 ms: void std::__introsort_loop<__gnu_cxx::__normal_iterator<int*, std::v... (/home/shay/workdir/feature-exploring/cpp/unity_build/srcs/custom_class_53.cpp)
    67 ms: CustomClass3::to_string[abi:cxx11]() (/home/shay/workdir/feature-exploring/cpp/unity_build/srcs/custom_class_3.cpp)
    67 ms: void std::__introsort_loop<__gnu_cxx::__normal_iterator<int*, std::v... (/home/shay/workdir/feature-exploring/cpp/unity_build/srcs/custom_class_28.cpp)
    66 ms: std::__cxx11::basic_string<char, std::char_traits<char>, std::alloca... (/home/shay/workdir/feature-exploring/cpp/unity_build/srcs/custom_class_8.cpp)
    66 ms: std::__cxx11::basic_string<char, std::char_traits<char>, std::alloca... (/home/shay/workdir/feature-exploring/cpp/unity_build/srcs/custom_class_58.cpp)
    66 ms: void std::__final_insertion_sort<__gnu_cxx::__normal_iterator<int*, ... (/home/shay/workdir/feature-exploring/cpp/unity_build/srcs/custom_class_84.cpp)
    65 ms: void std::__introsort_loop<__gnu_cxx::__normal_iterator<int*, std::v... (/home/shay/workdir/feature-exploring/cpp/unity_build/srcs/custom_class_7.cpp)
    65 ms: std::__cxx11::basic_string<char, std::char_traits<char>, std::alloca... (/home/shay/workdir/feature-exploring/cpp/unity_build/srcs/custom_class_33.cpp)
    62 ms: std::__cxx11::basic_string<char, std::char_traits<char>, std::alloca... (/home/shay/workdir/feature-exploring/cpp/unity_build/srcs/custom_class_63.cpp)
    62 ms: std::__cxx11::basic_string<char, std::char_traits<char>, std::alloca... (/home/shay/workdir/feature-exploring/cpp/unity_build/srcs/custom_class_84.cpp)

**** Function sets that took longest to compile / optimize:
  3854 ms: void std::__introsort_loop<$>(__gnu_cxx::__normal_iterator<$>, __gnu... (101 times, avg 38 ms)
  2038 ms: std::__cxx11::basic_string<$>::_M_replace(unsigned long, unsigned lo... (101 times, avg 20 ms)
  1717 ms: void std::__final_insertion_sort<$>(__gnu_cxx::__normal_iterator<$>,... (101 times, avg 17 ms)
  1438 ms: std::__cxx11::basic_string<$>::_M_mutate(unsigned long, unsigned lon... (101 times, avg 14 ms)
   737 ms: std::__cxx11::basic_string<$>::_M_assign(std::__cxx11::basic_string<... (101 times, avg 7 ms)
    51 ms: CustomClass12::sort(std::vector<$>&) (1 times, avg 51 ms)
    51 ms: CustomClass72::sort(std::vector<$>&) (1 times, avg 51 ms)
    17 ms: CustomClass22::sort(std::vector<$>&) (1 times, avg 17 ms)
     2 ms: CustomClass31::sort(std::vector<$>&) (1 times, avg 2 ms)
     2 ms: CustomClass41::sort(std::vector<$>&) (1 times, avg 2 ms)
     1 ms: CustomClass15::sort(std::vector<$>&) (1 times, avg 1 ms)
     1 ms: CustomClass33::sort(std::vector<$>&) (1 times, avg 1 ms)
     1 ms: CustomClass95::sort(std::vector<$>&) (1 times, avg 1 ms)
     1 ms: CustomClass27::sort(std::vector<$>&) (1 times, avg 1 ms)
     1 ms: CustomClass11::sort(std::vector<$>&) (1 times, avg 1 ms)
     1 ms: CustomClass65::sort(std::vector<$>&) (1 times, avg 1 ms)
     1 ms: CustomClass71::sort(std::vector<$>&) (1 times, avg 1 ms)
     1 ms: CustomClass63::sort(std::vector<$>&) (1 times, avg 1 ms)
     1 ms: CustomClass3::sort(std::vector<$>&) (1 times, avg 1 ms)
     1 ms: CustomClass51::sort(std::vector<$>&) (1 times, avg 1 ms)
     1 ms: CustomClass50::sort(std::vector<$>&) (1 times, avg 1 ms)
     1 ms: CustomClass48::sort(std::vector<$>&) (1 times, avg 1 ms)
     1 ms: CustomClass60::sort(std::vector<$>&) (1 times, avg 1 ms)
     1 ms: CustomClass93::sort(std::vector<$>&) (1 times, avg 1 ms)
     1 ms: CustomClass92::sort(std::vector<$>&) (1 times, avg 1 ms)
     1 ms: CustomClass53::sort(std::vector<$>&) (1 times, avg 1 ms)
     1 ms: CustomClass13::sort(std::vector<$>&) (1 times, avg 1 ms)
     1 ms: CustomClass38::sort(std::vector<$>&) (1 times, avg 1 ms)
     1 ms: CustomClass25::sort(std::vector<$>&) (1 times, avg 1 ms)
     0 ms: CustomClass8::sort(std::vector<$>&) (1 times, avg 0 ms)

**** Expensive headers:
130484 ms: /usr/include/c++/11/thread (included 101 times, avg 1291 ms), included via:
  custom_class_59.cpp.o  (1762 ms)
  custom_class_17.cpp.o  (1742 ms)
  custom_class_34.cpp.o  (1693 ms)
  custom_class_80.cpp.o  (1692 ms)
  custom_class_92.cpp.o  (1678 ms)
  custom_class_35.cpp.o  (1677 ms)
  ...

43616 ms: /usr/include/c++/11/iostream (included 101 times, avg 431 ms), included via:
  custom_class_9.cpp.o  (694 ms)
  custom_class_43.cpp.o  (693 ms)
  custom_class_20.cpp.o  (678 ms)
  custom_class_94.cpp.o  (673 ms)
  custom_class_29.cpp.o  (669 ms)
  custom_class_97.cpp.o  (662 ms)
  ...

6925 ms: /usr/include/c++/11/sstream (included 101 times, avg 68 ms), included via:
  custom_class_13.cpp.o  (145 ms)
  custom_class_44.cpp.o  (137 ms)
  custom_class_98.cpp.o  (131 ms)
  custom_class_5.cpp.o  (121 ms)
  custom_class_18.cpp.o  (120 ms)
  custom_class_79.cpp.o  (115 ms)
  ...

330 ms: /home/shay/workdir/feature-exploring/cpp/unity_build/srcs/build/CMakeFiles/custom_classes.dir/cmake_pch.hxx (included 1 times, avg 330 ms), included via:
  cmake_pch.hxx.json  (330 ms)

28 ms: /home/shay/workdir/feature-exploring/cpp/unity_build/srcs/custom_class_68.hpp (included 1 times, avg 28 ms), included via:
  custom_class_68.cpp.o  (28 ms)

21 ms: /home/shay/workdir/feature-exploring/cpp/unity_build/srcs/custom_class_50.hpp (included 1 times, avg 21 ms), included via:
  custom_class_50.cpp.o  (21 ms)

11 ms: /home/shay/workdir/feature-exploring/cpp/unity_build/srcs/custom_class_56.hpp (included 1 times, avg 11 ms), included via:
  custom_class_56.cpp.o  (11 ms)

4 ms: /home/shay/workdir/feature-exploring/cpp/unity_build/srcs/custom_class_20.hpp (included 1 times, avg 4 ms), included via:
  custom_class_20.cpp.o  (4 ms)

3 ms: /home/shay/workdir/feature-exploring/cpp/unity_build/srcs/custom_class_58.hpp (included 1 times, avg 3 ms), included via:
  custom_class_58.cpp.o  (3 ms)

2 ms: /home/shay/workdir/feature-exploring/cpp/unity_build/srcs/custom_class_32.hpp (included 1 times, avg 2 ms), included via:
  custom_class_32.cpp.o  (2 ms)

  done in 0.0s.
